[2015-04-24 07:50:53] production.ERROR: exception 'ErrorException' with message 'file_put_contents(/var/www/bootstrap-cms/public/assets/styles/bootstrap.min.css): failed to open stream: Permission denied' in /var/www/bootstrap-cms/vendor/compiled.php:6195
Stack trace:
#0 [internal function]: Illuminate\Foundation\Bootstrap\HandleExceptions->handleError(2, 'file_put_conten...', '/var/www/bootst...', 6195, Array)
#1 /var/www/bootstrap-cms/vendor/compiled.php(6195): file_put_contents('/var/www/bootst...', '/*!\n * Bootstra...', 0)
#2 /var/www/bootstrap-cms/vendor/compiled.php(5303): Illuminate\Filesystem\Filesystem->put('/var/www/bootst...', '/*!\n * Bootstra...')
#3 /var/www/bootstrap-cms/vendor/lightgear/asset/src/Asset.php(325): Illuminate\Support\Facades\Facade::__callStatic('put', Array)
#4 /var/www/bootstrap-cms/vendor/lightgear/asset/src/Asset.php(325): Illuminate\Support\Facades\File::put('/var/www/bootst...', '/*!\n * Bootstra...')
#5 /var/www/bootstrap-cms/vendor/lightgear/asset/src/Asset.php(292): Lightgear\Asset\Asset->publishAsset(Array, 'styles')
#6 /var/www/bootstrap-cms/vendor/lightgear/asset/src/Asset.php(143): Lightgear\Asset\Asset->publish('styles', 'main')
#7 /var/www/bootstrap-cms/vendor/lightgear/asset/src/Asset.php(69): Lightgear\Asset\Asset->renderAssets('main', 'styles')
#8 /var/www/bootstrap-cms/vendor/compiled.php(5301): Lightgear\Asset\Asset->styles('main')
#9 /var/www/bootstrap-cms/storage/framework/views/11a58a1b897c1f357b9a333033a64fa4(9): Illuminate\Support\Facades\Facade::__callStatic('styles', Array)
#10 /var/www/bootstrap-cms/storage/framework/views/11a58a1b897c1f357b9a333033a64fa4(9): Lightgear\Asset\Facades\Asset::styles('main')
#11 /var/www/bootstrap-cms/vendor/compiled.php(13650): include('/var/www/bootst...')
#12 /var/www/bootstrap-cms/vendor/compiled.php(13683): Illuminate\View\Engines\PhpEngine->evaluatePath('/var/www/bootst...', Array)
#13 /var/www/bootstrap-cms/vendor/compiled.php(13523): Illuminate\View\Engines\CompilerEngine->get('/var/www/bootst...', Array)
#14 /var/www/bootstrap-cms/vendor/compiled.php(13510): Illuminate\View\View->getContents()
#15 /var/www/bootstrap-cms/vendor/compiled.php(13501): Illuminate\View\View->renderContents()
#16 /var/www/bootstrap-cms/storage/framework/views/8bccaddb01a6834d4a6cdb6010d2a223(8): Illuminate\View\View->render()
#17 /var/www/bootstrap-cms/vendor/compiled.php(13650): include('/var/www/bootst...')
#18 /var/www/bootstrap-cms/vendor/compiled.php(13683): Illuminate\View\Engines\PhpEngine->evaluatePath('/var/www/bootst...', Array)
#19 /var/www/bootstrap-cms/vendor/compiled.php(13523): Illuminate\View\Engines\CompilerEngine->get('/var/www/bootst...', Array)
#20 /var/www/bootstrap-cms/vendor/compiled.php(13510): Illuminate\View\View->getContents()
#21 /var/www/bootstrap-cms/vendor/compiled.php(13501): Illuminate\View\View->renderContents()
#22 /var/www/bootstrap-cms/storage/framework/views/dec120c69940e8054dcf4dbfe14bd0df(80): Illuminate\View\View->render()
#23 /var/www/bootstrap-cms/vendor/compiled.php(13650): include('/var/www/bootst...')
#24 /var/www/bootstrap-cms/vendor/compiled.php(13683): Illuminate\View\Engines\PhpEngine->evaluatePath('/var/www/bootst...', Array)
#25 /var/www/bootstrap-cms/vendor/compiled.php(13523): Illuminate\View\Engines\CompilerEngine->get('/var/www/bootst...', Array)
#26 /var/www/bootstrap-cms/vendor/compiled.php(13510): Illuminate\View\View->getContents()
#27 /var/www/bootstrap-cms/vendor/compiled.php(13501): Illuminate\View\View->renderContents()
#28 /var/www/bootstrap-cms/vendor/compiled.php(14597): Illuminate\View\View->render()
#29 /var/www/bootstrap-cms/vendor/compiled.php(14126): Illuminate\Http\Response->setContent(Object(Illuminate\View\View))
#30 /var/www/bootstrap-cms/vendor/compiled.php(7154): Symfony\Component\HttpFoundation\Response->__construct(Object(Illuminate\View\View))
#31 /var/www/bootstrap-cms/vendor/compiled.php(6954): Illuminate\Routing\Router->prepareResponse(Object(Illuminate\Http\Request), Object(Illuminate\View\View))
#32 [internal function]: Illuminate\Routing\Router->Illuminate\Routing\{closure}(Object(Illuminate\Http\Request))
#33 /var/www/bootstrap-cms/vendor/compiled.php(8952): call_user_func(Object(Closure), Object(Illuminate\Http\Request))
#34 [internal function]: Illuminate\Pipeline\Pipeline->Illuminate\Pipeline\{closure}(Object(Illuminate\Http\Request))
#35 /var/www/bootstrap-cms/vendor/compiled.php(8935): call_user_func(Object(Closure), Object(Illuminate\Http\Request))
#36 /var/www/bootstrap-cms/vendor/compiled.php(6955): Illuminate\Pipeline\Pipeline->then(Object(Closure))
#37 /var/www/bootstrap-cms/vendor/compiled.php(6944): Illuminate\Routing\Router->runRouteWithinStack(Object(Illuminate\Routing\Route), Object(Illuminate\Http\Request))
#38 /var/www/bootstrap-cms/vendor/compiled.php(6929): Illuminate\Routing\Router->dispatchToRoute(Object(Illuminate\Http\Request))
#39 /var/www/bootstrap-cms/vendor/compiled.php(1935): Illuminate\Routing\Router->dispatch(Object(Illuminate\Http\Request))
#40 [internal function]: Illuminate\Foundation\Http\Kernel->Illuminate\Foundation\Http\{closure}(Object(Illuminate\Http\Request))
#41 /var/www/bootstrap-cms/vendor/compiled.php(8952): call_user_func(Object(Closure), Object(Illuminate\Http\Request))
#42 /var/www/bootstrap-cms/vendor/compiled.php(12083): Illuminate\Pipeline\Pipeline->Illuminate\Pipeline\{closure}(Object(Illuminate\Http\Request))
#43 /var/www/bootstrap-cms/vendor/compiled.php(8944): Illuminate\View\Middleware\ShareErrorsFromSession->handle(Object(Illuminate\Http\Request), Object(Closure))
#44 /var/www/bootstrap-cms/vendor/compiled.php(10785): Illuminate\Pipeline\Pipeline->Illuminate\Pipeline\{closure}(Object(Illuminate\Http\Request))
#45 /var/www/bootstrap-cms/vendor/compiled.php(8944): Illuminate\Session\Middleware\StartSession->handle(Object(Illuminate\Http\Request), Object(Closure))
#46 /var/www/bootstrap-cms/vendor/compiled.php(11789): Illuminate\Pipeline\Pipeline->Illuminate\Pipeline\{closure}(Object(Illuminate\Http\Request))
#47 /var/www/bootstrap-cms/vendor/compiled.php(8944): Illuminate\Cookie\Middleware\AddQueuedCookiesToResponse->handle(Object(Illuminate\Http\Request), Object(Closure))
#48 /var/www/bootstrap-cms/vendor/compiled.php(11738): Illuminate\Pipeline\Pipeline->Illuminate\Pipeline\{closure}(Object(Illuminate\Http\Request))
#49 /var/www/bootstrap-cms/vendor/compiled.php(8944): Illuminate\Cookie\Middleware\EncryptCookies->handle(Object(Illuminate\Http\Request), Object(Closure))
#50 /var/www/bootstrap-cms/app/Http/Middleware/CheckForMaintenanceMode.php(69): Illuminate\Pipeline\Pipeline->Illuminate\Pipeline\{closure}(Object(Illuminate\Http\Request))
#51 /var/www/bootstrap-cms/vendor/compiled.php(8944): GrahamCampbell\BootstrapCMS\Http\Middleware\CheckForMaintenanceMode->handle(Object(Illuminate\Http\Request), Object(Closure))
#52 /var/www/bootstrap-cms/vendor/fideloper/proxy/src/TrustProxies.php(47): Illuminate\Pipeline\Pipeline->Illuminate\Pipeline\{closure}(Object(Illuminate\Http\Request))
#53 /var/www/bootstrap-cms/vendor/compiled.php(8944): Fideloper\Proxy\TrustProxies->handle(Object(Illuminate\Http\Request), Object(Closure))
#54 [internal function]: Illuminate\Pipeline\Pipeline->Illuminate\Pipeline\{closure}(Object(Illuminate\Http\Request))
#55 /var/www/bootstrap-cms/vendor/compiled.php(8935): call_user_func(Object(Closure), Object(Illuminate\Http\Request))
#56 /var/www/bootstrap-cms/vendor/compiled.php(1891): Illuminate\Pipeline\Pipeline->then(Object(Closure))
#57 /var/www/bootstrap-cms/vendor/compiled.php(1880): Illuminate\Foundation\Http\Kernel->sendRequestThroughRouter(Object(Illuminate\Http\Request))
#58 /var/www/bootstrap-cms/public/index.php(53): Illuminate\Foundation\Http\Kernel->handle(Object(Illuminate\Http\Request))
#59 {main}

Next exception 'ErrorException' with message 'file_put_contents(/var/www/bootstrap-cms/public/assets/styles/bootstrap.min.css): failed to open stream: Permission denied (View: /var/www/bootstrap-cms/resources/views/partials/header.blade.php)' in /var/www/bootstrap-cms/vendor/compiled.php:6195
Stack trace:
#0 /var/www/bootstrap-cms/vendor/compiled.php(13652): Illuminate\View\Engines\CompilerEngine->handleViewException(Object(ErrorException), 1)
#1 /var/www/bootstrap-cms/vendor/compiled.php(13683): Illuminate\View\Engines\PhpEngine->evaluatePath('/var/www/bootst...', Array)
#2 /var/www/bootstrap-cms/vendor/compiled.php(13523): Illuminate\View\Engines\CompilerEngine->get('/var/www/bootst...', Array)
#3 /var/www/bootstrap-cms/vendor/compiled.php(13510): Illuminate\View\View->getContents()
#4 /var/www/bootstrap-cms/vendor/compiled.php(13501): Illuminate\View\View->renderContents()
#5 /var/www/bootstrap-cms/storage/framework/views/8bccaddb01a6834d4a6cdb6010d2a223(8): Illuminate\View\View->render()
#6 /var/www/bootstrap-cms/vendor/compiled.php(13650): include('/var/www/bootst...')
#7 /var/www/bootstrap-cms/vendor/compiled.php(13683): Illuminate\View\Engines\PhpEngine->evaluatePath('/var/www/bootst...', Array)
#8 /var/www/bootstrap-cms/vendor/compiled.php(13523): Illuminate\View\Engines\CompilerEngine->get('/var/www/bootst...', Array)
#9 /var/www/bootstrap-cms/vendor/compiled.php(13510): Illuminate\View\View->getContents()
#10 /var/www/bootstrap-cms/vendor/compiled.php(13501): Illuminate\View\View->renderContents()
#11 /var/www/bootstrap-cms/storage/framework/views/dec120c69940e8054dcf4dbfe14bd0df(80): Illuminate\View\View->render()
#12 /var/www/bootstrap-cms/vendor/compiled.php(13650): include('/var/www/bootst...')
#13 /var/www/bootstrap-cms/vendor/compiled.php(13683): Illuminate\View\Engines\PhpEngine->evaluatePath('/var/www/bootst...', Array)
#14 /var/www/bootstrap-cms/vendor/compiled.php(13523): Illuminate\View\Engines\CompilerEngine->get('/var/www/bootst...', Array)
#15 /var/www/bootstrap-cms/vendor/compiled.php(13510): Illuminate\View\View->getContents()
#16 /var/www/bootstrap-cms/vendor/compiled.php(13501): Illuminate\View\View->renderContents()
#17 /var/www/bootstrap-cms/vendor/compiled.php(14597): Illuminate\View\View->render()
#18 /var/www/bootstrap-cms/vendor/compiled.php(14126): Illuminate\Http\Response->setContent(Object(Illuminate\View\View))
#19 /var/www/bootstrap-cms/vendor/compiled.php(7154): Symfony\Component\HttpFoundation\Response->__construct(Object(Illuminate\View\View))
#20 /var/www/bootstrap-cms/vendor/compiled.php(6954): Illuminate\Routing\Router->prepareResponse(Object(Illuminate\Http\Request), Object(Illuminate\View\View))
#21 [internal function]: Illuminate\Routing\Router->Illuminate\Routing\{closure}(Object(Illuminate\Http\Request))
#22 /var/www/bootstrap-cms/vendor/compiled.php(8952): call_user_func(Object(Closure), Object(Illuminate\Http\Request))
#23 [internal function]: Illuminate\Pipeline\Pipeline->Illuminate\Pipeline\{closure}(Object(Illuminate\Http\Request))
#24 /var/www/bootstrap-cms/vendor/compiled.php(8935): call_user_func(Object(Closure), Object(Illuminate\Http\Request))
#25 /var/www/bootstrap-cms/vendor/compiled.php(6955): Illuminate\Pipeline\Pipeline->then(Object(Closure))
#26 /var/www/bootstrap-cms/vendor/compiled.php(6944): Illuminate\Routing\Router->runRouteWithinStack(Object(Illuminate\Routing\Route), Object(Illuminate\Http\Request))
#27 /var/www/bootstrap-cms/vendor/compiled.php(6929): Illuminate\Routing\Router->dispatchToRoute(Object(Illuminate\Http\Request))
#28 /var/www/bootstrap-cms/vendor/compiled.php(1935): Illuminate\Routing\Router->dispatch(Object(Illuminate\Http\Request))
#29 [internal function]: Illuminate\Foundation\Http\Kernel->Illuminate\Foundation\Http\{closure}(Object(Illuminate\Http\Request))
#30 /var/www/bootstrap-cms/vendor/compiled.php(8952): call_user_func(Object(Closure), Object(Illuminate\Http\Request))
#31 /var/www/bootstrap-cms/vendor/compiled.php(12083): Illuminate\Pipeline\Pipeline->Illuminate\Pipeline\{closure}(Object(Illuminate\Http\Request))
#32 /var/www/bootstrap-cms/vendor/compiled.php(8944): Illuminate\View\Middleware\ShareErrorsFromSession->handle(Object(Illuminate\Http\Request), Object(Closure))
#33 /var/www/bootstrap-cms/vendor/compiled.php(10785): Illuminate\Pipeline\Pipeline->Illuminate\Pipeline\{closure}(Object(Illuminate\Http\Request))
#34 /var/www/bootstrap-cms/vendor/compiled.php(8944): Illuminate\Session\Middleware\StartSession->handle(Object(Illuminate\Http\Request), Object(Closure))
#35 /var/www/bootstrap-cms/vendor/compiled.php(11789): Illuminate\Pipeline\Pipeline->Illuminate\Pipeline\{closure}(Object(Illuminate\Http\Request))
#36 /var/www/bootstrap-cms/vendor/compiled.php(8944): Illuminate\Cookie\Middleware\AddQueuedCookiesToResponse->handle(Object(Illuminate\Http\Request), Object(Closure))
#37 /var/www/bootstrap-cms/vendor/compiled.php(11738): Illuminate\Pipeline\Pipeline->Illuminate\Pipeline\{closure}(Object(Illuminate\Http\Request))
#38 /var/www/bootstrap-cms/vendor/compiled.php(8944): Illuminate\Cookie\Middleware\EncryptCookies->handle(Object(Illuminate\Http\Request), Object(Closure))
#39 /var/www/bootstrap-cms/app/Http/Middleware/CheckForMaintenanceMode.php(69): Illuminate\Pipeline\Pipeline->Illuminate\Pipeline\{closure}(Object(Illuminate\Http\Request))
#40 /var/www/bootstrap-cms/vendor/compiled.php(8944): GrahamCampbell\BootstrapCMS\Http\Middleware\CheckForMaintenanceMode->handle(Object(Illuminate\Http\Request), Object(Closure))
#41 /var/www/bootstrap-cms/vendor/fideloper/proxy/src/TrustProxies.php(47): Illuminate\Pipeline\Pipeline->Illuminate\Pipeline\{closure}(Object(Illuminate\Http\Request))
#42 /var/www/bootstrap-cms/vendor/compiled.php(8944): Fideloper\Proxy\TrustProxies->handle(Object(Illuminate\Http\Request), Object(Closure))
#43 [internal function]: Illuminate\Pipeline\Pipeline->Illuminate\Pipeline\{closure}(Object(Illuminate\Http\Request))
#44 /var/www/bootstrap-cms/vendor/compiled.php(8935): call_user_func(Object(Closure), Object(Illuminate\Http\Request))
#45 /var/www/bootstrap-cms/vendor/compiled.php(1891): Illuminate\Pipeline\Pipeline->then(Object(Closure))
#46 /var/www/bootstrap-cms/vendor/compiled.php(1880): Illuminate\Foundation\Http\Kernel->sendRequestThroughRouter(Object(Illuminate\Http\Request))
#47 /var/www/bootstrap-cms/public/index.php(53): Illuminate\Foundation\Http\Kernel->handle(Object(Illuminate\Http\Request))
#48 {main}

Next exception 'ErrorException' with message 'file_put_contents(/var/www/bootstrap-cms/public/assets/styles/bootstrap.min.css): failed to open stream: Permission denied (View: /var/www/bootstrap-cms/resources/views/partials/header.blade.php) (View: /var/www/bootstrap-cms/resources/views/partials/header.blade.php)' in /var/www/bootstrap-cms/vendor/compiled.php:6195
Stack trace:
#0 /var/www/bootstrap-cms/vendor/compiled.php(13652): Illuminate\View\Engines\CompilerEngine->handleViewException(Object(ErrorException), 1)
#1 /var/www/bootstrap-cms/vendor/compiled.php(13683): Illuminate\View\Engines\PhpEngine->evaluatePath('/var/www/bootst...', Array)
#2 /var/www/bootstrap-cms/vendor/compiled.php(13523): Illuminate\View\Engines\CompilerEngine->get('/var/www/bootst...', Array)
#3 /var/www/bootstrap-cms/vendor/compiled.php(13510): Illuminate\View\View->getContents()
#4 /var/www/bootstrap-cms/vendor/compiled.php(13501): Illuminate\View\View->renderContents()
#5 /var/www/bootstrap-cms/storage/framework/views/dec120c69940e8054dcf4dbfe14bd0df(80): Illuminate\View\View->render()
#6 /var/www/bootstrap-cms/vendor/compiled.php(13650): include('/var/www/bootst...')
#7 /var/www/bootstrap-cms/vendor/compiled.php(13683): Illuminate\View\Engines\PhpEngine->evaluatePath('/var/www/bootst...', Array)
#8 /var/www/bootstrap-cms/vendor/compiled.php(13523): Illuminate\View\Engines\CompilerEngine->get('/var/www/bootst...', Array)
#9 /var/www/bootstrap-cms/vendor/compiled.php(13510): Illuminate\View\View->getContents()
#10 /var/www/bootstrap-cms/vendor/compiled.php(13501): Illuminate\View\View->renderContents()
#11 /var/www/bootstrap-cms/vendor/compiled.php(14597): Illuminate\View\View->render()
#12 /var/www/bootstrap-cms/vendor/compiled.php(14126): Illuminate\Http\Response->setContent(Object(Illuminate\View\View))
#13 /var/www/bootstrap-cms/vendor/compiled.php(7154): Symfony\Component\HttpFoundation\Response->__construct(Object(Illuminate\View\View))
#14 /var/www/bootstrap-cms/vendor/compiled.php(6954): Illuminate\Routing\Router->prepareResponse(Object(Illuminate\Http\Request), Object(Illuminate\View\View))
#15 [internal function]: Illuminate\Routing\Router->Illuminate\Routing\{closure}(Object(Illuminate\Http\Request))
#16 /var/www/bootstrap-cms/vendor/compiled.php(8952): call_user_func(Object(Closure), Object(Illuminate\Http\Request))
#17 [internal function]: Illuminate\Pipeline\Pipeline->Illuminate\Pipeline\{closure}(Object(Illuminate\Http\Request))
#18 /var/www/bootstrap-cms/vendor/compiled.php(8935): call_user_func(Object(Closure), Object(Illuminate\Http\Request))
#19 /var/www/bootstrap-cms/vendor/compiled.php(6955): Illuminate\Pipeline\Pipeline->then(Object(Closure))
#20 /var/www/bootstrap-cms/vendor/compiled.php(6944): Illuminate\Routing\Router->runRouteWithinStack(Object(Illuminate\Routing\Route), Object(Illuminate\Http\Request))
#21 /var/www/bootstrap-cms/vendor/compiled.php(6929): Illuminate\Routing\Router->dispatchToRoute(Object(Illuminate\Http\Request))
#22 /var/www/bootstrap-cms/vendor/compiled.php(1935): Illuminate\Routing\Router->dispatch(Object(Illuminate\Http\Request))
#23 [internal function]: Illuminate\Foundation\Http\Kernel->Illuminate\Foundation\Http\{closure}(Object(Illuminate\Http\Request))
#24 /var/www/bootstrap-cms/vendor/compiled.php(8952): call_user_func(Object(Closure), Object(Illuminate\Http\Request))
#25 /var/www/bootstrap-cms/vendor/compiled.php(12083): Illuminate\Pipeline\Pipeline->Illuminate\Pipeline\{closure}(Object(Illuminate\Http\Request))
#26 /var/www/bootstrap-cms/vendor/compiled.php(8944): Illuminate\View\Middleware\ShareErrorsFromSession->handle(Object(Illuminate\Http\Request), Object(Closure))
#27 /var/www/bootstrap-cms/vendor/compiled.php(10785): Illuminate\Pipeline\Pipeline->Illuminate\Pipeline\{closure}(Object(Illuminate\Http\Request))
#28 /var/www/bootstrap-cms/vendor/compiled.php(8944): Illuminate\Session\Middleware\StartSession->handle(Object(Illuminate\Http\Request), Object(Closure))
#29 /var/www/bootstrap-cms/vendor/compiled.php(11789): Illuminate\Pipeline\Pipeline->Illuminate\Pipeline\{closure}(Object(Illuminate\Http\Request))
#30 /var/www/bootstrap-cms/vendor/compiled.php(8944): Illuminate\Cookie\Middleware\AddQueuedCookiesToResponse->handle(Object(Illuminate\Http\Request), Object(Closure))
#31 /var/www/bootstrap-cms/vendor/compiled.php(11738): Illuminate\Pipeline\Pipeline->Illuminate\Pipeline\{closure}(Object(Illuminate\Http\Request))
#32 /var/www/bootstrap-cms/vendor/compiled.php(8944): Illuminate\Cookie\Middleware\EncryptCookies->handle(Object(Illuminate\Http\Request), Object(Closure))
#33 /var/www/bootstrap-cms/app/Http/Middleware/CheckForMaintenanceMode.php(69): Illuminate\Pipeline\Pipeline->Illuminate\Pipeline\{closure}(Object(Illuminate\Http\Request))
#34 /var/www/bootstrap-cms/vendor/compiled.php(8944): GrahamCampbell\BootstrapCMS\Http\Middleware\CheckForMaintenanceMode->handle(Object(Illuminate\Http\Request), Object(Closure))
#35 /var/www/bootstrap-cms/vendor/fideloper/proxy/src/TrustProxies.php(47): Illuminate\Pipeline\Pipeline->Illuminate\Pipeline\{closure}(Object(Illuminate\Http\Request))
#36 /var/www/bootstrap-cms/vendor/compiled.php(8944): Fideloper\Proxy\TrustProxies->handle(Object(Illuminate\Http\Request), Object(Closure))
#37 [internal function]: Illuminate\Pipeline\Pipeline->Illuminate\Pipeline\{closure}(Object(Illuminate\Http\Request))
#38 /var/www/bootstrap-cms/vendor/compiled.php(8935): call_user_func(Object(Closure), Object(Illuminate\Http\Request))
#39 /var/www/bootstrap-cms/vendor/compiled.php(1891): Illuminate\Pipeline\Pipeline->then(Object(Closure))
#40 /var/www/bootstrap-cms/vendor/compiled.php(1880): Illuminate\Foundation\Http\Kernel->sendRequestThroughRouter(Object(Illuminate\Http\Request))
#41 /var/www/bootstrap-cms/public/index.php(53): Illuminate\Foundation\Http\Kernel->handle(Object(Illuminate\Http\Request))
#42 {main}

Next exception 'ErrorException' with message 'file_put_contents(/var/www/bootstrap-cms/public/assets/styles/bootstrap.min.css): failed to open stream: Permission denied (View: /var/www/bootstrap-cms/resources/views/partials/header.blade.php) (View: /var/www/bootstrap-cms/resources/views/partials/header.blade.php) (View: /var/www/bootstrap-cms/resources/views/partials/header.blade.php)' in /var/www/bootstrap-cms/vendor/compiled.php:6195
Stack trace:
#0 /var/www/bootstrap-cms/vendor/compiled.php(13652): Illuminate\View\Engines\CompilerEngine->handleViewException(Object(ErrorException), 1)
#1 /var/www/bootstrap-cms/vendor/compiled.php(13683): Illuminate\View\Engines\PhpEngine->evaluatePath('/var/www/bootst...', Array)
#2 /var/www/bootstrap-cms/vendor/compiled.php(13523): Illuminate\View\Engines\CompilerEngine->get('/var/www/bootst...', Array)
#3 /var/www/bootstrap-cms/vendor/compiled.php(13510): Illuminate\View\View->getContents()
#4 /var/www/bootstrap-cms/vendor/compiled.php(13501): Illuminate\View\View->renderContents()
#5 /var/www/bootstrap-cms/vendor/compiled.php(14597): Illuminate\View\View->render()
#6 /var/www/bootstrap-cms/vendor/compiled.php(14126): Illuminate\Http\Response->setContent(Object(Illuminate\View\View))
#7 /var/www/bootstrap-cms/vendor/compiled.php(7154): Symfony\Component\HttpFoundation\Response->__construct(Object(Illuminate\View\View))
#8 /var/www/bootstrap-cms/vendor/compiled.php(6954): Illuminate\Routing\Router->prepareResponse(Object(Illuminate\Http\Request), Object(Illuminate\View\View))
#9 [internal function]: Illuminate\Routing\Router->Illuminate\Routing\{closure}(Object(Illuminate\Http\Request))
#10 /var/www/bootstrap-cms/vendor/compiled.php(8952): call_user_func(Object(Closure), Object(Illuminate\Http\Request))
#11 [internal function]: Illuminate\Pipeline\Pipeline->Illuminate\Pipeline\{closure}(Object(Illuminate\Http\Request))
#12 /var/www/bootstrap-cms/vendor/compiled.php(8935): call_user_func(Object(Closure), Object(Illuminate\Http\Request))
#13 /var/www/bootstrap-cms/vendor/compiled.php(6955): Illuminate\Pipeline\Pipeline->then(Object(Closure))
#14 /var/www/bootstrap-cms/vendor/compiled.php(6944): Illuminate\Routing\Router->runRouteWithinStack(Object(Illuminate\Routing\Route), Object(Illuminate\Http\Request))
#15 /var/www/bootstrap-cms/vendor/compiled.php(6929): Illuminate\Routing\Router->dispatchToRoute(Object(Illuminate\Http\Request))
#16 /var/www/bootstrap-cms/vendor/compiled.php(1935): Illuminate\Routing\Router->dispatch(Object(Illuminate\Http\Request))
#17 [internal function]: Illuminate\Foundation\Http\Kernel->Illuminate\Foundation\Http\{closure}(Object(Illuminate\Http\Request))
#18 /var/www/bootstrap-cms/vendor/compiled.php(8952): call_user_func(Object(Closure), Object(Illuminate\Http\Request))
#19 /var/www/bootstrap-cms/vendor/compiled.php(12083): Illuminate\Pipeline\Pipeline->Illuminate\Pipeline\{closure}(Object(Illuminate\Http\Request))
#20 /var/www/bootstrap-cms/vendor/compiled.php(8944): Illuminate\View\Middleware\ShareErrorsFromSession->handle(Object(Illuminate\Http\Request), Object(Closure))
#21 /var/www/bootstrap-cms/vendor/compiled.php(10785): Illuminate\Pipeline\Pipeline->Illuminate\Pipeline\{closure}(Object(Illuminate\Http\Request))
#22 /var/www/bootstrap-cms/vendor/compiled.php(8944): Illuminate\Session\Middleware\StartSession->handle(Object(Illuminate\Http\Request), Object(Closure))
#23 /var/www/bootstrap-cms/vendor/compiled.php(11789): Illuminate\Pipeline\Pipeline->Illuminate\Pipeline\{closure}(Object(Illuminate\Http\Request))
#24 /var/www/bootstrap-cms/vendor/compiled.php(8944): Illuminate\Cookie\Middleware\AddQueuedCookiesToResponse->handle(Object(Illuminate\Http\Request), Object(Closure))
#25 /var/www/bootstrap-cms/vendor/compiled.php(11738): Illuminate\Pipeline\Pipeline->Illuminate\Pipeline\{closure}(Object(Illuminate\Http\Request))
#26 /var/www/bootstrap-cms/vendor/compiled.php(8944): Illuminate\Cookie\Middleware\EncryptCookies->handle(Object(Illuminate\Http\Request), Object(Closure))
#27 /var/www/bootstrap-cms/app/Http/Middleware/CheckForMaintenanceMode.php(69): Illuminate\Pipeline\Pipeline->Illuminate\Pipeline\{closure}(Object(Illuminate\Http\Request))
#28 /var/www/bootstrap-cms/vendor/compiled.php(8944): GrahamCampbell\BootstrapCMS\Http\Middleware\CheckForMaintenanceMode->handle(Object(Illuminate\Http\Request), Object(Closure))
#29 /var/www/bootstrap-cms/vendor/fideloper/proxy/src/TrustProxies.php(47): Illuminate\Pipeline\Pipeline->Illuminate\Pipeline\{closure}(Object(Illuminate\Http\Request))
#30 /var/www/bootstrap-cms/vendor/compiled.php(8944): Fideloper\Proxy\TrustProxies->handle(Object(Illuminate\Http\Request), Object(Closure))
#31 [internal function]: Illuminate\Pipeline\Pipeline->Illuminate\Pipeline\{closure}(Object(Illuminate\Http\Request))
#32 /var/www/bootstrap-cms/vendor/compiled.php(8935): call_user_func(Object(Closure), Object(Illuminate\Http\Request))
#33 /var/www/bootstrap-cms/vendor/compiled.php(1891): Illuminate\Pipeline\Pipeline->then(Object(Closure))
#34 /var/www/bootstrap-cms/vendor/compiled.php(1880): Illuminate\Foundation\Http\Kernel->sendRequestThroughRouter(Object(Illuminate\Http\Request))
#35 /var/www/bootstrap-cms/public/index.php(53): Illuminate\Foundation\Http\Kernel->handle(Object(Illuminate\Http\Request))
#36 {main}  
[2015-04-24 07:51:15] production.ERROR: exception 'ErrorException' with message 'file_put_contents(/var/www/bootstrap-cms/public/assets/styles/bootstrap.min.css): failed to open stream: Permission denied' in /var/www/bootstrap-cms/vendor/compiled.php:6195
Stack trace:
#0 [internal function]: Illuminate\Foundation\Bootstrap\HandleExceptions->handleError(2, 'file_put_conten...', '/var/www/bootst...', 6195, Array)
#1 /var/www/bootstrap-cms/vendor/compiled.php(6195): file_put_contents('/var/www/bootst...', '/*!\n * Bootstra...', 0)
#2 /var/www/bootstrap-cms/vendor/compiled.php(5303): Illuminate\Filesystem\Filesystem->put('/var/www/bootst...', '/*!\n * Bootstra...')
#3 /var/www/bootstrap-cms/vendor/lightgear/asset/src/Asset.php(325): Illuminate\Support\Facades\Facade::__callStatic('put', Array)
#4 /var/www/bootstrap-cms/vendor/lightgear/asset/src/Asset.php(325): Illuminate\Support\Facades\File::put('/var/www/bootst...', '/*!\n * Bootstra...')
#5 /var/www/bootstrap-cms/vendor/lightgear/asset/src/Asset.php(292): Lightgear\Asset\Asset->publishAsset(Array, 'styles')
#6 /var/www/bootstrap-cms/vendor/lightgear/asset/src/Asset.php(143): Lightgear\Asset\Asset->publish('styles', 'main')
#7 /var/www/bootstrap-cms/vendor/lightgear/asset/src/Asset.php(69): Lightgear\Asset\Asset->renderAssets('main', 'styles')
#8 /var/www/bootstrap-cms/vendor/compiled.php(5301): Lightgear\Asset\Asset->styles('main')
#9 /var/www/bootstrap-cms/storage/framework/views/11a58a1b897c1f357b9a333033a64fa4(9): Illuminate\Support\Facades\Facade::__callStatic('styles', Array)
#10 /var/www/bootstrap-cms/storage/framework/views/11a58a1b897c1f357b9a333033a64fa4(9): Lightgear\Asset\Facades\Asset::styles('main')
#11 /var/www/bootstrap-cms/vendor/compiled.php(13650): include('/var/www/bootst...')
#12 /var/www/bootstrap-cms/vendor/compiled.php(13683): Illuminate\View\Engines\PhpEngine->evaluatePath('/var/www/bootst...', Array)
#13 /var/www/bootstrap-cms/vendor/compiled.php(13523): Illuminate\View\Engines\CompilerEngine->get('/var/www/bootst...', Array)
#14 /var/www/bootstrap-cms/vendor/compiled.php(13510): Illuminate\View\View->getContents()
#15 /var/www/bootstrap-cms/vendor/compiled.php(13501): Illuminate\View\View->renderContents()
#16 /var/www/bootstrap-cms/storage/framework/views/8bccaddb01a6834d4a6cdb6010d2a223(8): Illuminate\View\View->render()
#17 /var/www/bootstrap-cms/vendor/compiled.php(13650): include('/var/www/bootst...')
#18 /var/www/bootstrap-cms/vendor/compiled.php(13683): Illuminate\View\Engines\PhpEngine->evaluatePath('/var/www/bootst...', Array)
#19 /var/www/bootstrap-cms/vendor/compiled.php(13523): Illuminate\View\Engines\CompilerEngine->get('/var/www/bootst...', Array)
#20 /var/www/bootstrap-cms/vendor/compiled.php(13510): Illuminate\View\View->getContents()
#21 /var/www/bootstrap-cms/vendor/compiled.php(13501): Illuminate\View\View->renderContents()
#22 /var/www/bootstrap-cms/storage/framework/views/dec120c69940e8054dcf4dbfe14bd0df(80): Illuminate\View\View->render()
#23 /var/www/bootstrap-cms/vendor/compiled.php(13650): include('/var/www/bootst...')
#24 /var/www/bootstrap-cms/vendor/compiled.php(13683): Illuminate\View\Engines\PhpEngine->evaluatePath('/var/www/bootst...', Array)
#25 /var/www/bootstrap-cms/vendor/compiled.php(13523): Illuminate\View\Engines\CompilerEngine->get('/var/www/bootst...', Array)
#26 /var/www/bootstrap-cms/vendor/compiled.php(13510): Illuminate\View\View->getContents()
#27 /var/www/bootstrap-cms/vendor/compiled.php(13501): Illuminate\View\View->renderContents()
#28 /var/www/bootstrap-cms/vendor/compiled.php(14597): Illuminate\View\View->render()
#29 /var/www/bootstrap-cms/vendor/compiled.php(14126): Illuminate\Http\Response->setContent(Object(Illuminate\View\View))
#30 /var/www/bootstrap-cms/vendor/compiled.php(7154): Symfony\Component\HttpFoundation\Response->__construct(Object(Illuminate\View\View))
#31 /var/www/bootstrap-cms/vendor/compiled.php(6954): Illuminate\Routing\Router->prepareResponse(Object(Illuminate\Http\Request), Object(Illuminate\View\View))
#32 [internal function]: Illuminate\Routing\Router->Illuminate\Routing\{closure}(Object(Illuminate\Http\Request))
#33 /var/www/bootstrap-cms/vendor/compiled.php(8952): call_user_func(Object(Closure), Object(Illuminate\Http\Request))
#34 [internal function]: Illuminate\Pipeline\Pipeline->Illuminate\Pipeline\{closure}(Object(Illuminate\Http\Request))
#35 /var/www/bootstrap-cms/vendor/compiled.php(8935): call_user_func(Object(Closure), Object(Illuminate\Http\Request))
#36 /var/www/bootstrap-cms/vendor/compiled.php(6955): Illuminate\Pipeline\Pipeline->then(Object(Closure))
#37 /var/www/bootstrap-cms/vendor/compiled.php(6944): Illuminate\Routing\Router->runRouteWithinStack(Object(Illuminate\Routing\Route), Object(Illuminate\Http\Request))
#38 /var/www/bootstrap-cms/vendor/compiled.php(6929): Illuminate\Routing\Router->dispatchToRoute(Object(Illuminate\Http\Request))
#39 /var/www/bootstrap-cms/vendor/compiled.php(1935): Illuminate\Routing\Router->dispatch(Object(Illuminate\Http\Request))
#40 [internal function]: Illuminate\Foundation\Http\Kernel->Illuminate\Foundation\Http\{closure}(Object(Illuminate\Http\Request))
#41 /var/www/bootstrap-cms/vendor/compiled.php(8952): call_user_func(Object(Closure), Object(Illuminate\Http\Request))
#42 /var/www/bootstrap-cms/vendor/compiled.php(12083): Illuminate\Pipeline\Pipeline->Illuminate\Pipeline\{closure}(Object(Illuminate\Http\Request))
#43 /var/www/bootstrap-cms/vendor/compiled.php(8944): Illuminate\View\Middleware\ShareErrorsFromSession->handle(Object(Illuminate\Http\Request), Object(Closure))
#44 /var/www/bootstrap-cms/vendor/compiled.php(10785): Illuminate\Pipeline\Pipeline->Illuminate\Pipeline\{closure}(Object(Illuminate\Http\Request))
#45 /var/www/bootstrap-cms/vendor/compiled.php(8944): Illuminate\Session\Middleware\StartSession->handle(Object(Illuminate\Http\Request), Object(Closure))
#46 /var/www/bootstrap-cms/vendor/compiled.php(11789): Illuminate\Pipeline\Pipeline->Illuminate\Pipeline\{closure}(Object(Illuminate\Http\Request))
#47 /var/www/bootstrap-cms/vendor/compiled.php(8944): Illuminate\Cookie\Middleware\AddQueuedCookiesToResponse->handle(Object(Illuminate\Http\Request), Object(Closure))
#48 /var/www/bootstrap-cms/vendor/compiled.php(11738): Illuminate\Pipeline\Pipeline->Illuminate\Pipeline\{closure}(Object(Illuminate\Http\Request))
#49 /var/www/bootstrap-cms/vendor/compiled.php(8944): Illuminate\Cookie\Middleware\EncryptCookies->handle(Object(Illuminate\Http\Request), Object(Closure))
#50 /var/www/bootstrap-cms/app/Http/Middleware/CheckForMaintenanceMode.php(69): Illuminate\Pipeline\Pipeline->Illuminate\Pipeline\{closure}(Object(Illuminate\Http\Request))
#51 /var/www/bootstrap-cms/vendor/compiled.php(8944): GrahamCampbell\BootstrapCMS\Http\Middleware\CheckForMaintenanceMode->handle(Object(Illuminate\Http\Request), Object(Closure))
#52 /var/www/bootstrap-cms/vendor/fideloper/proxy/src/TrustProxies.php(47): Illuminate\Pipeline\Pipeline->Illuminate\Pipeline\{closure}(Object(Illuminate\Http\Request))
#53 /var/www/bootstrap-cms/vendor/compiled.php(8944): Fideloper\Proxy\TrustProxies->handle(Object(Illuminate\Http\Request), Object(Closure))
#54 [internal function]: Illuminate\Pipeline\Pipeline->Illuminate\Pipeline\{closure}(Object(Illuminate\Http\Request))
#55 /var/www/bootstrap-cms/vendor/compiled.php(8935): call_user_func(Object(Closure), Object(Illuminate\Http\Request))
#56 /var/www/bootstrap-cms/vendor/compiled.php(1891): Illuminate\Pipeline\Pipeline->then(Object(Closure))
#57 /var/www/bootstrap-cms/vendor/compiled.php(1880): Illuminate\Foundation\Http\Kernel->sendRequestThroughRouter(Object(Illuminate\Http\Request))
#58 /var/www/bootstrap-cms/public/index.php(53): Illuminate\Foundation\Http\Kernel->handle(Object(Illuminate\Http\Request))
#59 {main}

Next exception 'ErrorException' with message 'file_put_contents(/var/www/bootstrap-cms/public/assets/styles/bootstrap.min.css): failed to open stream: Permission denied (View: /var/www/bootstrap-cms/resources/views/partials/header.blade.php)' in /var/www/bootstrap-cms/vendor/compiled.php:6195
Stack trace:
#0 /var/www/bootstrap-cms/vendor/compiled.php(13652): Illuminate\View\Engines\CompilerEngine->handleViewException(Object(ErrorException), 1)
#1 /var/www/bootstrap-cms/vendor/compiled.php(13683): Illuminate\View\Engines\PhpEngine->evaluatePath('/var/www/bootst...', Array)
#2 /var/www/bootstrap-cms/vendor/compiled.php(13523): Illuminate\View\Engines\CompilerEngine->get('/var/www/bootst...', Array)
#3 /var/www/bootstrap-cms/vendor/compiled.php(13510): Illuminate\View\View->getContents()
#4 /var/www/bootstrap-cms/vendor/compiled.php(13501): Illuminate\View\View->renderContents()
#5 /var/www/bootstrap-cms/storage/framework/views/8bccaddb01a6834d4a6cdb6010d2a223(8): Illuminate\View\View->render()
#6 /var/www/bootstrap-cms/vendor/compiled.php(13650): include('/var/www/bootst...')
#7 /var/www/bootstrap-cms/vendor/compiled.php(13683): Illuminate\View\Engines\PhpEngine->evaluatePath('/var/www/bootst...', Array)
#8 /var/www/bootstrap-cms/vendor/compiled.php(13523): Illuminate\View\Engines\CompilerEngine->get('/var/www/bootst...', Array)
#9 /var/www/bootstrap-cms/vendor/compiled.php(13510): Illuminate\View\View->getContents()
#10 /var/www/bootstrap-cms/vendor/compiled.php(13501): Illuminate\View\View->renderContents()
#11 /var/www/bootstrap-cms/storage/framework/views/dec120c69940e8054dcf4dbfe14bd0df(80): Illuminate\View\View->render()
#12 /var/www/bootstrap-cms/vendor/compiled.php(13650): include('/var/www/bootst...')
#13 /var/www/bootstrap-cms/vendor/compiled.php(13683): Illuminate\View\Engines\PhpEngine->evaluatePath('/var/www/bootst...', Array)
#14 /var/www/bootstrap-cms/vendor/compiled.php(13523): Illuminate\View\Engines\CompilerEngine->get('/var/www/bootst...', Array)
#15 /var/www/bootstrap-cms/vendor/compiled.php(13510): Illuminate\View\View->getContents()
#16 /var/www/bootstrap-cms/vendor/compiled.php(13501): Illuminate\View\View->renderContents()
#17 /var/www/bootstrap-cms/vendor/compiled.php(14597): Illuminate\View\View->render()
#18 /var/www/bootstrap-cms/vendor/compiled.php(14126): Illuminate\Http\Response->setContent(Object(Illuminate\View\View))
#19 /var/www/bootstrap-cms/vendor/compiled.php(7154): Symfony\Component\HttpFoundation\Response->__construct(Object(Illuminate\View\View))
#20 /var/www/bootstrap-cms/vendor/compiled.php(6954): Illuminate\Routing\Router->prepareResponse(Object(Illuminate\Http\Request), Object(Illuminate\View\View))
#21 [internal function]: Illuminate\Routing\Router->Illuminate\Routing\{closure}(Object(Illuminate\Http\Request))
#22 /var/www/bootstrap-cms/vendor/compiled.php(8952): call_user_func(Object(Closure), Object(Illuminate\Http\Request))
#23 [internal function]: Illuminate\Pipeline\Pipeline->Illuminate\Pipeline\{closure}(Object(Illuminate\Http\Request))
#24 /var/www/bootstrap-cms/vendor/compiled.php(8935): call_user_func(Object(Closure), Object(Illuminate\Http\Request))
#25 /var/www/bootstrap-cms/vendor/compiled.php(6955): Illuminate\Pipeline\Pipeline->then(Object(Closure))
#26 /var/www/bootstrap-cms/vendor/compiled.php(6944): Illuminate\Routing\Router->runRouteWithinStack(Object(Illuminate\Routing\Route), Object(Illuminate\Http\Request))
#27 /var/www/bootstrap-cms/vendor/compiled.php(6929): Illuminate\Routing\Router->dispatchToRoute(Object(Illuminate\Http\Request))
#28 /var/www/bootstrap-cms/vendor/compiled.php(1935): Illuminate\Routing\Router->dispatch(Object(Illuminate\Http\Request))
#29 [internal function]: Illuminate\Foundation\Http\Kernel->Illuminate\Foundation\Http\{closure}(Object(Illuminate\Http\Request))
#30 /var/www/bootstrap-cms/vendor/compiled.php(8952): call_user_func(Object(Closure), Object(Illuminate\Http\Request))
#31 /var/www/bootstrap-cms/vendor/compiled.php(12083): Illuminate\Pipeline\Pipeline->Illuminate\Pipeline\{closure}(Object(Illuminate\Http\Request))
#32 /var/www/bootstrap-cms/vendor/compiled.php(8944): Illuminate\View\Middleware\ShareErrorsFromSession->handle(Object(Illuminate\Http\Request), Object(Closure))
#33 /var/www/bootstrap-cms/vendor/compiled.php(10785): Illuminate\Pipeline\Pipeline->Illuminate\Pipeline\{closure}(Object(Illuminate\Http\Request))
#34 /var/www/bootstrap-cms/vendor/compiled.php(8944): Illuminate\Session\Middleware\StartSession->handle(Object(Illuminate\Http\Request), Object(Closure))
#35 /var/www/bootstrap-cms/vendor/compiled.php(11789): Illuminate\Pipeline\Pipeline->Illuminate\Pipeline\{closure}(Object(Illuminate\Http\Request))
#36 /var/www/bootstrap-cms/vendor/compiled.php(8944): Illuminate\Cookie\Middleware\AddQueuedCookiesToResponse->handle(Object(Illuminate\Http\Request), Object(Closure))
#37 /var/www/bootstrap-cms/vendor/compiled.php(11738): Illuminate\Pipeline\Pipeline->Illuminate\Pipeline\{closure}(Object(Illuminate\Http\Request))
#38 /var/www/bootstrap-cms/vendor/compiled.php(8944): Illuminate\Cookie\Middleware\EncryptCookies->handle(Object(Illuminate\Http\Request), Object(Closure))
#39 /var/www/bootstrap-cms/app/Http/Middleware/CheckForMaintenanceMode.php(69): Illuminate\Pipeline\Pipeline->Illuminate\Pipeline\{closure}(Object(Illuminate\Http\Request))
#40 /var/www/bootstrap-cms/vendor/compiled.php(8944): GrahamCampbell\BootstrapCMS\Http\Middleware\CheckForMaintenanceMode->handle(Object(Illuminate\Http\Request), Object(Closure))
#41 /var/www/bootstrap-cms/vendor/fideloper/proxy/src/TrustProxies.php(47): Illuminate\Pipeline\Pipeline->Illuminate\Pipeline\{closure}(Object(Illuminate\Http\Request))
#42 /var/www/bootstrap-cms/vendor/compiled.php(8944): Fideloper\Proxy\TrustProxies->handle(Object(Illuminate\Http\Request), Object(Closure))
#43 [internal function]: Illuminate\Pipeline\Pipeline->Illuminate\Pipeline\{closure}(Object(Illuminate\Http\Request))
#44 /var/www/bootstrap-cms/vendor/compiled.php(8935): call_user_func(Object(Closure), Object(Illuminate\Http\Request))
#45 /var/www/bootstrap-cms/vendor/compiled.php(1891): Illuminate\Pipeline\Pipeline->then(Object(Closure))
#46 /var/www/bootstrap-cms/vendor/compiled.php(1880): Illuminate\Foundation\Http\Kernel->sendRequestThroughRouter(Object(Illuminate\Http\Request))
#47 /var/www/bootstrap-cms/public/index.php(53): Illuminate\Foundation\Http\Kernel->handle(Object(Illuminate\Http\Request))
#48 {main}

Next exception 'ErrorException' with message 'file_put_contents(/var/www/bootstrap-cms/public/assets/styles/bootstrap.min.css): failed to open stream: Permission denied (View: /var/www/bootstrap-cms/resources/views/partials/header.blade.php) (View: /var/www/bootstrap-cms/resources/views/partials/header.blade.php)' in /var/www/bootstrap-cms/vendor/compiled.php:6195
Stack trace:
#0 /var/www/bootstrap-cms/vendor/compiled.php(13652): Illuminate\View\Engines\CompilerEngine->handleViewException(Object(ErrorException), 1)
#1 /var/www/bootstrap-cms/vendor/compiled.php(13683): Illuminate\View\Engines\PhpEngine->evaluatePath('/var/www/bootst...', Array)
#2 /var/www/bootstrap-cms/vendor/compiled.php(13523): Illuminate\View\Engines\CompilerEngine->get('/var/www/bootst...', Array)
#3 /var/www/bootstrap-cms/vendor/compiled.php(13510): Illuminate\View\View->getContents()
#4 /var/www/bootstrap-cms/vendor/compiled.php(13501): Illuminate\View\View->renderContents()
#5 /var/www/bootstrap-cms/storage/framework/views/dec120c69940e8054dcf4dbfe14bd0df(80): Illuminate\View\View->render()
#6 /var/www/bootstrap-cms/vendor/compiled.php(13650): include('/var/www/bootst...')
#7 /var/www/bootstrap-cms/vendor/compiled.php(13683): Illuminate\View\Engines\PhpEngine->evaluatePath('/var/www/bootst...', Array)
#8 /var/www/bootstrap-cms/vendor/compiled.php(13523): Illuminate\View\Engines\CompilerEngine->get('/var/www/bootst...', Array)
#9 /var/www/bootstrap-cms/vendor/compiled.php(13510): Illuminate\View\View->getContents()
#10 /var/www/bootstrap-cms/vendor/compiled.php(13501): Illuminate\View\View->renderContents()
#11 /var/www/bootstrap-cms/vendor/compiled.php(14597): Illuminate\View\View->render()
#12 /var/www/bootstrap-cms/vendor/compiled.php(14126): Illuminate\Http\Response->setContent(Object(Illuminate\View\View))
#13 /var/www/bootstrap-cms/vendor/compiled.php(7154): Symfony\Component\HttpFoundation\Response->__construct(Object(Illuminate\View\View))
#14 /var/www/bootstrap-cms/vendor/compiled.php(6954): Illuminate\Routing\Router->prepareResponse(Object(Illuminate\Http\Request), Object(Illuminate\View\View))
#15 [internal function]: Illuminate\Routing\Router->Illuminate\Routing\{closure}(Object(Illuminate\Http\Request))
#16 /var/www/bootstrap-cms/vendor/compiled.php(8952): call_user_func(Object(Closure), Object(Illuminate\Http\Request))
#17 [internal function]: Illuminate\Pipeline\Pipeline->Illuminate\Pipeline\{closure}(Object(Illuminate\Http\Request))
#18 /var/www/bootstrap-cms/vendor/compiled.php(8935): call_user_func(Object(Closure), Object(Illuminate\Http\Request))
#19 /var/www/bootstrap-cms/vendor/compiled.php(6955): Illuminate\Pipeline\Pipeline->then(Object(Closure))
#20 /var/www/bootstrap-cms/vendor/compiled.php(6944): Illuminate\Routing\Router->runRouteWithinStack(Object(Illuminate\Routing\Route), Object(Illuminate\Http\Request))
#21 /var/www/bootstrap-cms/vendor/compiled.php(6929): Illuminate\Routing\Router->dispatchToRoute(Object(Illuminate\Http\Request))
#22 /var/www/bootstrap-cms/vendor/compiled.php(1935): Illuminate\Routing\Router->dispatch(Object(Illuminate\Http\Request))
#23 [internal function]: Illuminate\Foundation\Http\Kernel->Illuminate\Foundation\Http\{closure}(Object(Illuminate\Http\Request))
#24 /var/www/bootstrap-cms/vendor/compiled.php(8952): call_user_func(Object(Closure), Object(Illuminate\Http\Request))
#25 /var/www/bootstrap-cms/vendor/compiled.php(12083): Illuminate\Pipeline\Pipeline->Illuminate\Pipeline\{closure}(Object(Illuminate\Http\Request))
#26 /var/www/bootstrap-cms/vendor/compiled.php(8944): Illuminate\View\Middleware\ShareErrorsFromSession->handle(Object(Illuminate\Http\Request), Object(Closure))
#27 /var/www/bootstrap-cms/vendor/compiled.php(10785): Illuminate\Pipeline\Pipeline->Illuminate\Pipeline\{closure}(Object(Illuminate\Http\Request))
#28 /var/www/bootstrap-cms/vendor/compiled.php(8944): Illuminate\Session\Middleware\StartSession->handle(Object(Illuminate\Http\Request), Object(Closure))
#29 /var/www/bootstrap-cms/vendor/compiled.php(11789): Illuminate\Pipeline\Pipeline->Illuminate\Pipeline\{closure}(Object(Illuminate\Http\Request))
#30 /var/www/bootstrap-cms/vendor/compiled.php(8944): Illuminate\Cookie\Middleware\AddQueuedCookiesToResponse->handle(Object(Illuminate\Http\Request), Object(Closure))
#31 /var/www/bootstrap-cms/vendor/compiled.php(11738): Illuminate\Pipeline\Pipeline->Illuminate\Pipeline\{closure}(Object(Illuminate\Http\Request))
#32 /var/www/bootstrap-cms/vendor/compiled.php(8944): Illuminate\Cookie\Middleware\EncryptCookies->handle(Object(Illuminate\Http\Request), Object(Closure))
#33 /var/www/bootstrap-cms/app/Http/Middleware/CheckForMaintenanceMode.php(69): Illuminate\Pipeline\Pipeline->Illuminate\Pipeline\{closure}(Object(Illuminate\Http\Request))
#34 /var/www/bootstrap-cms/vendor/compiled.php(8944): GrahamCampbell\BootstrapCMS\Http\Middleware\CheckForMaintenanceMode->handle(Object(Illuminate\Http\Request), Object(Closure))
#35 /var/www/bootstrap-cms/vendor/fideloper/proxy/src/TrustProxies.php(47): Illuminate\Pipeline\Pipeline->Illuminate\Pipeline\{closure}(Object(Illuminate\Http\Request))
#36 /var/www/bootstrap-cms/vendor/compiled.php(8944): Fideloper\Proxy\TrustProxies->handle(Object(Illuminate\Http\Request), Object(Closure))
#37 [internal function]: Illuminate\Pipeline\Pipeline->Illuminate\Pipeline\{closure}(Object(Illuminate\Http\Request))
#38 /var/www/bootstrap-cms/vendor/compiled.php(8935): call_user_func(Object(Closure), Object(Illuminate\Http\Request))
#39 /var/www/bootstrap-cms/vendor/compiled.php(1891): Illuminate\Pipeline\Pipeline->then(Object(Closure))
#40 /var/www/bootstrap-cms/vendor/compiled.php(1880): Illuminate\Foundation\Http\Kernel->sendRequestThroughRouter(Object(Illuminate\Http\Request))
#41 /var/www/bootstrap-cms/public/index.php(53): Illuminate\Foundation\Http\Kernel->handle(Object(Illuminate\Http\Request))
#42 {main}

Next exception 'ErrorException' with message 'file_put_contents(/var/www/bootstrap-cms/public/assets/styles/bootstrap.min.css): failed to open stream: Permission denied (View: /var/www/bootstrap-cms/resources/views/partials/header.blade.php) (View: /var/www/bootstrap-cms/resources/views/partials/header.blade.php) (View: /var/www/bootstrap-cms/resources/views/partials/header.blade.php)' in /var/www/bootstrap-cms/vendor/compiled.php:6195
Stack trace:
#0 /var/www/bootstrap-cms/vendor/compiled.php(13652): Illuminate\View\Engines\CompilerEngine->handleViewException(Object(ErrorException), 1)
#1 /var/www/bootstrap-cms/vendor/compiled.php(13683): Illuminate\View\Engines\PhpEngine->evaluatePath('/var/www/bootst...', Array)
#2 /var/www/bootstrap-cms/vendor/compiled.php(13523): Illuminate\View\Engines\CompilerEngine->get('/var/www/bootst...', Array)
#3 /var/www/bootstrap-cms/vendor/compiled.php(13510): Illuminate\View\View->getContents()
#4 /var/www/bootstrap-cms/vendor/compiled.php(13501): Illuminate\View\View->renderContents()
#5 /var/www/bootstrap-cms/vendor/compiled.php(14597): Illuminate\View\View->render()
#6 /var/www/bootstrap-cms/vendor/compiled.php(14126): Illuminate\Http\Response->setContent(Object(Illuminate\View\View))
#7 /var/www/bootstrap-cms/vendor/compiled.php(7154): Symfony\Component\HttpFoundation\Response->__construct(Object(Illuminate\View\View))
#8 /var/www/bootstrap-cms/vendor/compiled.php(6954): Illuminate\Routing\Router->prepareResponse(Object(Illuminate\Http\Request), Object(Illuminate\View\View))
#9 [internal function]: Illuminate\Routing\Router->Illuminate\Routing\{closure}(Object(Illuminate\Http\Request))
#10 /var/www/bootstrap-cms/vendor/compiled.php(8952): call_user_func(Object(Closure), Object(Illuminate\Http\Request))
#11 [internal function]: Illuminate\Pipeline\Pipeline->Illuminate\Pipeline\{closure}(Object(Illuminate\Http\Request))
#12 /var/www/bootstrap-cms/vendor/compiled.php(8935): call_user_func(Object(Closure), Object(Illuminate\Http\Request))
#13 /var/www/bootstrap-cms/vendor/compiled.php(6955): Illuminate\Pipeline\Pipeline->then(Object(Closure))
#14 /var/www/bootstrap-cms/vendor/compiled.php(6944): Illuminate\Routing\Router->runRouteWithinStack(Object(Illuminate\Routing\Route), Object(Illuminate\Http\Request))
#15 /var/www/bootstrap-cms/vendor/compiled.php(6929): Illuminate\Routing\Router->dispatchToRoute(Object(Illuminate\Http\Request))
#16 /var/www/bootstrap-cms/vendor/compiled.php(1935): Illuminate\Routing\Router->dispatch(Object(Illuminate\Http\Request))
#17 [internal function]: Illuminate\Foundation\Http\Kernel->Illuminate\Foundation\Http\{closure}(Object(Illuminate\Http\Request))
#18 /var/www/bootstrap-cms/vendor/compiled.php(8952): call_user_func(Object(Closure), Object(Illuminate\Http\Request))
#19 /var/www/bootstrap-cms/vendor/compiled.php(12083): Illuminate\Pipeline\Pipeline->Illuminate\Pipeline\{closure}(Object(Illuminate\Http\Request))
#20 /var/www/bootstrap-cms/vendor/compiled.php(8944): Illuminate\View\Middleware\ShareErrorsFromSession->handle(Object(Illuminate\Http\Request), Object(Closure))
#21 /var/www/bootstrap-cms/vendor/compiled.php(10785): Illuminate\Pipeline\Pipeline->Illuminate\Pipeline\{closure}(Object(Illuminate\Http\Request))
#22 /var/www/bootstrap-cms/vendor/compiled.php(8944): Illuminate\Session\Middleware\StartSession->handle(Object(Illuminate\Http\Request), Object(Closure))
#23 /var/www/bootstrap-cms/vendor/compiled.php(11789): Illuminate\Pipeline\Pipeline->Illuminate\Pipeline\{closure}(Object(Illuminate\Http\Request))
#24 /var/www/bootstrap-cms/vendor/compiled.php(8944): Illuminate\Cookie\Middleware\AddQueuedCookiesToResponse->handle(Object(Illuminate\Http\Request), Object(Closure))
#25 /var/www/bootstrap-cms/vendor/compiled.php(11738): Illuminate\Pipeline\Pipeline->Illuminate\Pipeline\{closure}(Object(Illuminate\Http\Request))
#26 /var/www/bootstrap-cms/vendor/compiled.php(8944): Illuminate\Cookie\Middleware\EncryptCookies->handle(Object(Illuminate\Http\Request), Object(Closure))
#27 /var/www/bootstrap-cms/app/Http/Middleware/CheckForMaintenanceMode.php(69): Illuminate\Pipeline\Pipeline->Illuminate\Pipeline\{closure}(Object(Illuminate\Http\Request))
#28 /var/www/bootstrap-cms/vendor/compiled.php(8944): GrahamCampbell\BootstrapCMS\Http\Middleware\CheckForMaintenanceMode->handle(Object(Illuminate\Http\Request), Object(Closure))
#29 /var/www/bootstrap-cms/vendor/fideloper/proxy/src/TrustProxies.php(47): Illuminate\Pipeline\Pipeline->Illuminate\Pipeline\{closure}(Object(Illuminate\Http\Request))
#30 /var/www/bootstrap-cms/vendor/compiled.php(8944): Fideloper\Proxy\TrustProxies->handle(Object(Illuminate\Http\Request), Object(Closure))
#31 [internal function]: Illuminate\Pipeline\Pipeline->Illuminate\Pipeline\{closure}(Object(Illuminate\Http\Request))
#32 /var/www/bootstrap-cms/vendor/compiled.php(8935): call_user_func(Object(Closure), Object(Illuminate\Http\Request))
#33 /var/www/bootstrap-cms/vendor/compiled.php(1891): Illuminate\Pipeline\Pipeline->then(Object(Closure))
#34 /var/www/bootstrap-cms/vendor/compiled.php(1880): Illuminate\Foundation\Http\Kernel->sendRequestThroughRouter(Object(Illuminate\Http\Request))
#35 /var/www/bootstrap-cms/public/index.php(53): Illuminate\Foundation\Http\Kernel->handle(Object(Illuminate\Http\Request))
#36 {main}  
[2015-04-24 07:51:45] production.ERROR: exception 'ErrorException' with message 'file_put_contents(/var/www/bootstrap-cms/public/assets/styles/bootstrap.min.css): failed to open stream: Permission denied' in /var/www/bootstrap-cms/vendor/compiled.php:6195
Stack trace:
#0 [internal function]: Illuminate\Foundation\Bootstrap\HandleExceptions->handleError(2, 'file_put_conten...', '/var/www/bootst...', 6195, Array)
#1 /var/www/bootstrap-cms/vendor/compiled.php(6195): file_put_contents('/var/www/bootst...', '/*!\n * Bootstra...', 0)
#2 /var/www/bootstrap-cms/vendor/compiled.php(5303): Illuminate\Filesystem\Filesystem->put('/var/www/bootst...', '/*!\n * Bootstra...')
#3 /var/www/bootstrap-cms/vendor/lightgear/asset/src/Asset.php(325): Illuminate\Support\Facades\Facade::__callStatic('put', Array)
#4 /var/www/bootstrap-cms/vendor/lightgear/asset/src/Asset.php(325): Illuminate\Support\Facades\File::put('/var/www/bootst...', '/*!\n * Bootstra...')
#5 /var/www/bootstrap-cms/vendor/lightgear/asset/src/Asset.php(292): Lightgear\Asset\Asset->publishAsset(Array, 'styles')
#6 /var/www/bootstrap-cms/vendor/lightgear/asset/src/Asset.php(143): Lightgear\Asset\Asset->publish('styles', 'main')
#7 /var/www/bootstrap-cms/vendor/lightgear/asset/src/Asset.php(69): Lightgear\Asset\Asset->renderAssets('main', 'styles')
#8 /var/www/bootstrap-cms/vendor/compiled.php(5301): Lightgear\Asset\Asset->styles('main')
#9 /var/www/bootstrap-cms/storage/framework/views/11a58a1b897c1f357b9a333033a64fa4(9): Illuminate\Support\Facades\Facade::__callStatic('styles', Array)
#10 /var/www/bootstrap-cms/storage/framework/views/11a58a1b897c1f357b9a333033a64fa4(9): Lightgear\Asset\Facades\Asset::styles('main')
#11 /var/www/bootstrap-cms/vendor/compiled.php(13650): include('/var/www/bootst...')
#12 /var/www/bootstrap-cms/vendor/compiled.php(13683): Illuminate\View\Engines\PhpEngine->evaluatePath('/var/www/bootst...', Array)
#13 /var/www/bootstrap-cms/vendor/compiled.php(13523): Illuminate\View\Engines\CompilerEngine->get('/var/www/bootst...', Array)
#14 /var/www/bootstrap-cms/vendor/compiled.php(13510): Illuminate\View\View->getContents()
#15 /var/www/bootstrap-cms/vendor/compiled.php(13501): Illuminate\View\View->renderContents()
#16 /var/www/bootstrap-cms/storage/framework/views/8bccaddb01a6834d4a6cdb6010d2a223(8): Illuminate\View\View->render()
#17 /var/www/bootstrap-cms/vendor/compiled.php(13650): include('/var/www/bootst...')
#18 /var/www/bootstrap-cms/vendor/compiled.php(13683): Illuminate\View\Engines\PhpEngine->evaluatePath('/var/www/bootst...', Array)
#19 /var/www/bootstrap-cms/vendor/compiled.php(13523): Illuminate\View\Engines\CompilerEngine->get('/var/www/bootst...', Array)
#20 /var/www/bootstrap-cms/vendor/compiled.php(13510): Illuminate\View\View->getContents()
#21 /var/www/bootstrap-cms/vendor/compiled.php(13501): Illuminate\View\View->renderContents()
#22 /var/www/bootstrap-cms/storage/framework/views/dec120c69940e8054dcf4dbfe14bd0df(80): Illuminate\View\View->render()
#23 /var/www/bootstrap-cms/vendor/compiled.php(13650): include('/var/www/bootst...')
#24 /var/www/bootstrap-cms/vendor/compiled.php(13683): Illuminate\View\Engines\PhpEngine->evaluatePath('/var/www/bootst...', Array)
#25 /var/www/bootstrap-cms/vendor/compiled.php(13523): Illuminate\View\Engines\CompilerEngine->get('/var/www/bootst...', Array)
#26 /var/www/bootstrap-cms/vendor/compiled.php(13510): Illuminate\View\View->getContents()
#27 /var/www/bootstrap-cms/vendor/compiled.php(13501): Illuminate\View\View->renderContents()
#28 /var/www/bootstrap-cms/vendor/compiled.php(14597): Illuminate\View\View->render()
#29 /var/www/bootstrap-cms/vendor/compiled.php(14126): Illuminate\Http\Response->setContent(Object(Illuminate\View\View))
#30 /var/www/bootstrap-cms/vendor/compiled.php(7154): Symfony\Component\HttpFoundation\Response->__construct(Object(Illuminate\View\View))
#31 /var/www/bootstrap-cms/vendor/compiled.php(6954): Illuminate\Routing\Router->prepareResponse(Object(Illuminate\Http\Request), Object(Illuminate\View\View))
#32 [internal function]: Illuminate\Routing\Router->Illuminate\Routing\{closure}(Object(Illuminate\Http\Request))
#33 /var/www/bootstrap-cms/vendor/compiled.php(8952): call_user_func(Object(Closure), Object(Illuminate\Http\Request))
#34 [internal function]: Illuminate\Pipeline\Pipeline->Illuminate\Pipeline\{closure}(Object(Illuminate\Http\Request))
#35 /var/www/bootstrap-cms/vendor/compiled.php(8935): call_user_func(Object(Closure), Object(Illuminate\Http\Request))
#36 /var/www/bootstrap-cms/vendor/compiled.php(6955): Illuminate\Pipeline\Pipeline->then(Object(Closure))
#37 /var/www/bootstrap-cms/vendor/compiled.php(6944): Illuminate\Routing\Router->runRouteWithinStack(Object(Illuminate\Routing\Route), Object(Illuminate\Http\Request))
#38 /var/www/bootstrap-cms/vendor/compiled.php(6929): Illuminate\Routing\Router->dispatchToRoute(Object(Illuminate\Http\Request))
#39 /var/www/bootstrap-cms/vendor/compiled.php(1935): Illuminate\Routing\Router->dispatch(Object(Illuminate\Http\Request))
#40 [internal function]: Illuminate\Foundation\Http\Kernel->Illuminate\Foundation\Http\{closure}(Object(Illuminate\Http\Request))
#41 /var/www/bootstrap-cms/vendor/compiled.php(8952): call_user_func(Object(Closure), Object(Illuminate\Http\Request))
#42 /var/www/bootstrap-cms/vendor/compiled.php(12083): Illuminate\Pipeline\Pipeline->Illuminate\Pipeline\{closure}(Object(Illuminate\Http\Request))
#43 /var/www/bootstrap-cms/vendor/compiled.php(8944): Illuminate\View\Middleware\ShareErrorsFromSession->handle(Object(Illuminate\Http\Request), Object(Closure))
#44 /var/www/bootstrap-cms/vendor/compiled.php(10785): Illuminate\Pipeline\Pipeline->Illuminate\Pipeline\{closure}(Object(Illuminate\Http\Request))
#45 /var/www/bootstrap-cms/vendor/compiled.php(8944): Illuminate\Session\Middleware\StartSession->handle(Object(Illuminate\Http\Request), Object(Closure))
#46 /var/www/bootstrap-cms/vendor/compiled.php(11789): Illuminate\Pipeline\Pipeline->Illuminate\Pipeline\{closure}(Object(Illuminate\Http\Request))
#47 /var/www/bootstrap-cms/vendor/compiled.php(8944): Illuminate\Cookie\Middleware\AddQueuedCookiesToResponse->handle(Object(Illuminate\Http\Request), Object(Closure))
#48 /var/www/bootstrap-cms/vendor/compiled.php(11738): Illuminate\Pipeline\Pipeline->Illuminate\Pipeline\{closure}(Object(Illuminate\Http\Request))
#49 /var/www/bootstrap-cms/vendor/compiled.php(8944): Illuminate\Cookie\Middleware\EncryptCookies->handle(Object(Illuminate\Http\Request), Object(Closure))
#50 /var/www/bootstrap-cms/app/Http/Middleware/CheckForMaintenanceMode.php(69): Illuminate\Pipeline\Pipeline->Illuminate\Pipeline\{closure}(Object(Illuminate\Http\Request))
#51 /var/www/bootstrap-cms/vendor/compiled.php(8944): GrahamCampbell\BootstrapCMS\Http\Middleware\CheckForMaintenanceMode->handle(Object(Illuminate\Http\Request), Object(Closure))
#52 /var/www/bootstrap-cms/vendor/fideloper/proxy/src/TrustProxies.php(47): Illuminate\Pipeline\Pipeline->Illuminate\Pipeline\{closure}(Object(Illuminate\Http\Request))
#53 /var/www/bootstrap-cms/vendor/compiled.php(8944): Fideloper\Proxy\TrustProxies->handle(Object(Illuminate\Http\Request), Object(Closure))
#54 [internal function]: Illuminate\Pipeline\Pipeline->Illuminate\Pipeline\{closure}(Object(Illuminate\Http\Request))
#55 /var/www/bootstrap-cms/vendor/compiled.php(8935): call_user_func(Object(Closure), Object(Illuminate\Http\Request))
#56 /var/www/bootstrap-cms/vendor/compiled.php(1891): Illuminate\Pipeline\Pipeline->then(Object(Closure))
#57 /var/www/bootstrap-cms/vendor/compiled.php(1880): Illuminate\Foundation\Http\Kernel->sendRequestThroughRouter(Object(Illuminate\Http\Request))
#58 /var/www/bootstrap-cms/public/index.php(53): Illuminate\Foundation\Http\Kernel->handle(Object(Illuminate\Http\Request))
#59 {main}

Next exception 'ErrorException' with message 'file_put_contents(/var/www/bootstrap-cms/public/assets/styles/bootstrap.min.css): failed to open stream: Permission denied (View: /var/www/bootstrap-cms/resources/views/partials/header.blade.php)' in /var/www/bootstrap-cms/vendor/compiled.php:6195
Stack trace:
#0 /var/www/bootstrap-cms/vendor/compiled.php(13652): Illuminate\View\Engines\CompilerEngine->handleViewException(Object(ErrorException), 1)
#1 /var/www/bootstrap-cms/vendor/compiled.php(13683): Illuminate\View\Engines\PhpEngine->evaluatePath('/var/www/bootst...', Array)
#2 /var/www/bootstrap-cms/vendor/compiled.php(13523): Illuminate\View\Engines\CompilerEngine->get('/var/www/bootst...', Array)
#3 /var/www/bootstrap-cms/vendor/compiled.php(13510): Illuminate\View\View->getContents()
#4 /var/www/bootstrap-cms/vendor/compiled.php(13501): Illuminate\View\View->renderContents()
#5 /var/www/bootstrap-cms/storage/framework/views/8bccaddb01a6834d4a6cdb6010d2a223(8): Illuminate\View\View->render()
#6 /var/www/bootstrap-cms/vendor/compiled.php(13650): include('/var/www/bootst...')
#7 /var/www/bootstrap-cms/vendor/compiled.php(13683): Illuminate\View\Engines\PhpEngine->evaluatePath('/var/www/bootst...', Array)
#8 /var/www/bootstrap-cms/vendor/compiled.php(13523): Illuminate\View\Engines\CompilerEngine->get('/var/www/bootst...', Array)
#9 /var/www/bootstrap-cms/vendor/compiled.php(13510): Illuminate\View\View->getContents()
#10 /var/www/bootstrap-cms/vendor/compiled.php(13501): Illuminate\View\View->renderContents()
#11 /var/www/bootstrap-cms/storage/framework/views/dec120c69940e8054dcf4dbfe14bd0df(80): Illuminate\View\View->render()
#12 /var/www/bootstrap-cms/vendor/compiled.php(13650): include('/var/www/bootst...')
#13 /var/www/bootstrap-cms/vendor/compiled.php(13683): Illuminate\View\Engines\PhpEngine->evaluatePath('/var/www/bootst...', Array)
#14 /var/www/bootstrap-cms/vendor/compiled.php(13523): Illuminate\View\Engines\CompilerEngine->get('/var/www/bootst...', Array)
#15 /var/www/bootstrap-cms/vendor/compiled.php(13510): Illuminate\View\View->getContents()
#16 /var/www/bootstrap-cms/vendor/compiled.php(13501): Illuminate\View\View->renderContents()
#17 /var/www/bootstrap-cms/vendor/compiled.php(14597): Illuminate\View\View->render()
#18 /var/www/bootstrap-cms/vendor/compiled.php(14126): Illuminate\Http\Response->setContent(Object(Illuminate\View\View))
#19 /var/www/bootstrap-cms/vendor/compiled.php(7154): Symfony\Component\HttpFoundation\Response->__construct(Object(Illuminate\View\View))
#20 /var/www/bootstrap-cms/vendor/compiled.php(6954): Illuminate\Routing\Router->prepareResponse(Object(Illuminate\Http\Request), Object(Illuminate\View\View))
#21 [internal function]: Illuminate\Routing\Router->Illuminate\Routing\{closure}(Object(Illuminate\Http\Request))
#22 /var/www/bootstrap-cms/vendor/compiled.php(8952): call_user_func(Object(Closure), Object(Illuminate\Http\Request))
#23 [internal function]: Illuminate\Pipeline\Pipeline->Illuminate\Pipeline\{closure}(Object(Illuminate\Http\Request))
#24 /var/www/bootstrap-cms/vendor/compiled.php(8935): call_user_func(Object(Closure), Object(Illuminate\Http\Request))
#25 /var/www/bootstrap-cms/vendor/compiled.php(6955): Illuminate\Pipeline\Pipeline->then(Object(Closure))
#26 /var/www/bootstrap-cms/vendor/compiled.php(6944): Illuminate\Routing\Router->runRouteWithinStack(Object(Illuminate\Routing\Route), Object(Illuminate\Http\Request))
#27 /var/www/bootstrap-cms/vendor/compiled.php(6929): Illuminate\Routing\Router->dispatchToRoute(Object(Illuminate\Http\Request))
#28 /var/www/bootstrap-cms/vendor/compiled.php(1935): Illuminate\Routing\Router->dispatch(Object(Illuminate\Http\Request))
#29 [internal function]: Illuminate\Foundation\Http\Kernel->Illuminate\Foundation\Http\{closure}(Object(Illuminate\Http\Request))
#30 /var/www/bootstrap-cms/vendor/compiled.php(8952): call_user_func(Object(Closure), Object(Illuminate\Http\Request))
#31 /var/www/bootstrap-cms/vendor/compiled.php(12083): Illuminate\Pipeline\Pipeline->Illuminate\Pipeline\{closure}(Object(Illuminate\Http\Request))
#32 /var/www/bootstrap-cms/vendor/compiled.php(8944): Illuminate\View\Middleware\ShareErrorsFromSession->handle(Object(Illuminate\Http\Request), Object(Closure))
#33 /var/www/bootstrap-cms/vendor/compiled.php(10785): Illuminate\Pipeline\Pipeline->Illuminate\Pipeline\{closure}(Object(Illuminate\Http\Request))
#34 /var/www/bootstrap-cms/vendor/compiled.php(8944): Illuminate\Session\Middleware\StartSession->handle(Object(Illuminate\Http\Request), Object(Closure))
#35 /var/www/bootstrap-cms/vendor/compiled.php(11789): Illuminate\Pipeline\Pipeline->Illuminate\Pipeline\{closure}(Object(Illuminate\Http\Request))
#36 /var/www/bootstrap-cms/vendor/compiled.php(8944): Illuminate\Cookie\Middleware\AddQueuedCookiesToResponse->handle(Object(Illuminate\Http\Request), Object(Closure))
#37 /var/www/bootstrap-cms/vendor/compiled.php(11738): Illuminate\Pipeline\Pipeline->Illuminate\Pipeline\{closure}(Object(Illuminate\Http\Request))
#38 /var/www/bootstrap-cms/vendor/compiled.php(8944): Illuminate\Cookie\Middleware\EncryptCookies->handle(Object(Illuminate\Http\Request), Object(Closure))
#39 /var/www/bootstrap-cms/app/Http/Middleware/CheckForMaintenanceMode.php(69): Illuminate\Pipeline\Pipeline->Illuminate\Pipeline\{closure}(Object(Illuminate\Http\Request))
#40 /var/www/bootstrap-cms/vendor/compiled.php(8944): GrahamCampbell\BootstrapCMS\Http\Middleware\CheckForMaintenanceMode->handle(Object(Illuminate\Http\Request), Object(Closure))
#41 /var/www/bootstrap-cms/vendor/fideloper/proxy/src/TrustProxies.php(47): Illuminate\Pipeline\Pipeline->Illuminate\Pipeline\{closure}(Object(Illuminate\Http\Request))
#42 /var/www/bootstrap-cms/vendor/compiled.php(8944): Fideloper\Proxy\TrustProxies->handle(Object(Illuminate\Http\Request), Object(Closure))
#43 [internal function]: Illuminate\Pipeline\Pipeline->Illuminate\Pipeline\{closure}(Object(Illuminate\Http\Request))
#44 /var/www/bootstrap-cms/vendor/compiled.php(8935): call_user_func(Object(Closure), Object(Illuminate\Http\Request))
#45 /var/www/bootstrap-cms/vendor/compiled.php(1891): Illuminate\Pipeline\Pipeline->then(Object(Closure))
#46 /var/www/bootstrap-cms/vendor/compiled.php(1880): Illuminate\Foundation\Http\Kernel->sendRequestThroughRouter(Object(Illuminate\Http\Request))
#47 /var/www/bootstrap-cms/public/index.php(53): Illuminate\Foundation\Http\Kernel->handle(Object(Illuminate\Http\Request))
#48 {main}

Next exception 'ErrorException' with message 'file_put_contents(/var/www/bootstrap-cms/public/assets/styles/bootstrap.min.css): failed to open stream: Permission denied (View: /var/www/bootstrap-cms/resources/views/partials/header.blade.php) (View: /var/www/bootstrap-cms/resources/views/partials/header.blade.php)' in /var/www/bootstrap-cms/vendor/compiled.php:6195
Stack trace:
#0 /var/www/bootstrap-cms/vendor/compiled.php(13652): Illuminate\View\Engines\CompilerEngine->handleViewException(Object(ErrorException), 1)
#1 /var/www/bootstrap-cms/vendor/compiled.php(13683): Illuminate\View\Engines\PhpEngine->evaluatePath('/var/www/bootst...', Array)
#2 /var/www/bootstrap-cms/vendor/compiled.php(13523): Illuminate\View\Engines\CompilerEngine->get('/var/www/bootst...', Array)
#3 /var/www/bootstrap-cms/vendor/compiled.php(13510): Illuminate\View\View->getContents()
#4 /var/www/bootstrap-cms/vendor/compiled.php(13501): Illuminate\View\View->renderContents()
#5 /var/www/bootstrap-cms/storage/framework/views/dec120c69940e8054dcf4dbfe14bd0df(80): Illuminate\View\View->render()
#6 /var/www/bootstrap-cms/vendor/compiled.php(13650): include('/var/www/bootst...')
#7 /var/www/bootstrap-cms/vendor/compiled.php(13683): Illuminate\View\Engines\PhpEngine->evaluatePath('/var/www/bootst...', Array)
#8 /var/www/bootstrap-cms/vendor/compiled.php(13523): Illuminate\View\Engines\CompilerEngine->get('/var/www/bootst...', Array)
#9 /var/www/bootstrap-cms/vendor/compiled.php(13510): Illuminate\View\View->getContents()
#10 /var/www/bootstrap-cms/vendor/compiled.php(13501): Illuminate\View\View->renderContents()
#11 /var/www/bootstrap-cms/vendor/compiled.php(14597): Illuminate\View\View->render()
#12 /var/www/bootstrap-cms/vendor/compiled.php(14126): Illuminate\Http\Response->setContent(Object(Illuminate\View\View))
#13 /var/www/bootstrap-cms/vendor/compiled.php(7154): Symfony\Component\HttpFoundation\Response->__construct(Object(Illuminate\View\View))
#14 /var/www/bootstrap-cms/vendor/compiled.php(6954): Illuminate\Routing\Router->prepareResponse(Object(Illuminate\Http\Request), Object(Illuminate\View\View))
#15 [internal function]: Illuminate\Routing\Router->Illuminate\Routing\{closure}(Object(Illuminate\Http\Request))
#16 /var/www/bootstrap-cms/vendor/compiled.php(8952): call_user_func(Object(Closure), Object(Illuminate\Http\Request))
#17 [internal function]: Illuminate\Pipeline\Pipeline->Illuminate\Pipeline\{closure}(Object(Illuminate\Http\Request))
#18 /var/www/bootstrap-cms/vendor/compiled.php(8935): call_user_func(Object(Closure), Object(Illuminate\Http\Request))
#19 /var/www/bootstrap-cms/vendor/compiled.php(6955): Illuminate\Pipeline\Pipeline->then(Object(Closure))
#20 /var/www/bootstrap-cms/vendor/compiled.php(6944): Illuminate\Routing\Router->runRouteWithinStack(Object(Illuminate\Routing\Route), Object(Illuminate\Http\Request))
#21 /var/www/bootstrap-cms/vendor/compiled.php(6929): Illuminate\Routing\Router->dispatchToRoute(Object(Illuminate\Http\Request))
#22 /var/www/bootstrap-cms/vendor/compiled.php(1935): Illuminate\Routing\Router->dispatch(Object(Illuminate\Http\Request))
#23 [internal function]: Illuminate\Foundation\Http\Kernel->Illuminate\Foundation\Http\{closure}(Object(Illuminate\Http\Request))
#24 /var/www/bootstrap-cms/vendor/compiled.php(8952): call_user_func(Object(Closure), Object(Illuminate\Http\Request))
#25 /var/www/bootstrap-cms/vendor/compiled.php(12083): Illuminate\Pipeline\Pipeline->Illuminate\Pipeline\{closure}(Object(Illuminate\Http\Request))
#26 /var/www/bootstrap-cms/vendor/compiled.php(8944): Illuminate\View\Middleware\ShareErrorsFromSession->handle(Object(Illuminate\Http\Request), Object(Closure))
#27 /var/www/bootstrap-cms/vendor/compiled.php(10785): Illuminate\Pipeline\Pipeline->Illuminate\Pipeline\{closure}(Object(Illuminate\Http\Request))
#28 /var/www/bootstrap-cms/vendor/compiled.php(8944): Illuminate\Session\Middleware\StartSession->handle(Object(Illuminate\Http\Request), Object(Closure))
#29 /var/www/bootstrap-cms/vendor/compiled.php(11789): Illuminate\Pipeline\Pipeline->Illuminate\Pipeline\{closure}(Object(Illuminate\Http\Request))
#30 /var/www/bootstrap-cms/vendor/compiled.php(8944): Illuminate\Cookie\Middleware\AddQueuedCookiesToResponse->handle(Object(Illuminate\Http\Request), Object(Closure))
#31 /var/www/bootstrap-cms/vendor/compiled.php(11738): Illuminate\Pipeline\Pipeline->Illuminate\Pipeline\{closure}(Object(Illuminate\Http\Request))
#32 /var/www/bootstrap-cms/vendor/compiled.php(8944): Illuminate\Cookie\Middleware\EncryptCookies->handle(Object(Illuminate\Http\Request), Object(Closure))
#33 /var/www/bootstrap-cms/app/Http/Middleware/CheckForMaintenanceMode.php(69): Illuminate\Pipeline\Pipeline->Illuminate\Pipeline\{closure}(Object(Illuminate\Http\Request))
#34 /var/www/bootstrap-cms/vendor/compiled.php(8944): GrahamCampbell\BootstrapCMS\Http\Middleware\CheckForMaintenanceMode->handle(Object(Illuminate\Http\Request), Object(Closure))
#35 /var/www/bootstrap-cms/vendor/fideloper/proxy/src/TrustProxies.php(47): Illuminate\Pipeline\Pipeline->Illuminate\Pipeline\{closure}(Object(Illuminate\Http\Request))
#36 /var/www/bootstrap-cms/vendor/compiled.php(8944): Fideloper\Proxy\TrustProxies->handle(Object(Illuminate\Http\Request), Object(Closure))
#37 [internal function]: Illuminate\Pipeline\Pipeline->Illuminate\Pipeline\{closure}(Object(Illuminate\Http\Request))
#38 /var/www/bootstrap-cms/vendor/compiled.php(8935): call_user_func(Object(Closure), Object(Illuminate\Http\Request))
#39 /var/www/bootstrap-cms/vendor/compiled.php(1891): Illuminate\Pipeline\Pipeline->then(Object(Closure))
#40 /var/www/bootstrap-cms/vendor/compiled.php(1880): Illuminate\Foundation\Http\Kernel->sendRequestThroughRouter(Object(Illuminate\Http\Request))
#41 /var/www/bootstrap-cms/public/index.php(53): Illuminate\Foundation\Http\Kernel->handle(Object(Illuminate\Http\Request))
#42 {main}

Next exception 'ErrorException' with message 'file_put_contents(/var/www/bootstrap-cms/public/assets/styles/bootstrap.min.css): failed to open stream: Permission denied (View: /var/www/bootstrap-cms/resources/views/partials/header.blade.php) (View: /var/www/bootstrap-cms/resources/views/partials/header.blade.php) (View: /var/www/bootstrap-cms/resources/views/partials/header.blade.php)' in /var/www/bootstrap-cms/vendor/compiled.php:6195
Stack trace:
#0 /var/www/bootstrap-cms/vendor/compiled.php(13652): Illuminate\View\Engines\CompilerEngine->handleViewException(Object(ErrorException), 1)
#1 /var/www/bootstrap-cms/vendor/compiled.php(13683): Illuminate\View\Engines\PhpEngine->evaluatePath('/var/www/bootst...', Array)
#2 /var/www/bootstrap-cms/vendor/compiled.php(13523): Illuminate\View\Engines\CompilerEngine->get('/var/www/bootst...', Array)
#3 /var/www/bootstrap-cms/vendor/compiled.php(13510): Illuminate\View\View->getContents()
#4 /var/www/bootstrap-cms/vendor/compiled.php(13501): Illuminate\View\View->renderContents()
#5 /var/www/bootstrap-cms/vendor/compiled.php(14597): Illuminate\View\View->render()
#6 /var/www/bootstrap-cms/vendor/compiled.php(14126): Illuminate\Http\Response->setContent(Object(Illuminate\View\View))
#7 /var/www/bootstrap-cms/vendor/compiled.php(7154): Symfony\Component\HttpFoundation\Response->__construct(Object(Illuminate\View\View))
#8 /var/www/bootstrap-cms/vendor/compiled.php(6954): Illuminate\Routing\Router->prepareResponse(Object(Illuminate\Http\Request), Object(Illuminate\View\View))
#9 [internal function]: Illuminate\Routing\Router->Illuminate\Routing\{closure}(Object(Illuminate\Http\Request))
#10 /var/www/bootstrap-cms/vendor/compiled.php(8952): call_user_func(Object(Closure), Object(Illuminate\Http\Request))
#11 [internal function]: Illuminate\Pipeline\Pipeline->Illuminate\Pipeline\{closure}(Object(Illuminate\Http\Request))
#12 /var/www/bootstrap-cms/vendor/compiled.php(8935): call_user_func(Object(Closure), Object(Illuminate\Http\Request))
#13 /var/www/bootstrap-cms/vendor/compiled.php(6955): Illuminate\Pipeline\Pipeline->then(Object(Closure))
#14 /var/www/bootstrap-cms/vendor/compiled.php(6944): Illuminate\Routing\Router->runRouteWithinStack(Object(Illuminate\Routing\Route), Object(Illuminate\Http\Request))
#15 /var/www/bootstrap-cms/vendor/compiled.php(6929): Illuminate\Routing\Router->dispatchToRoute(Object(Illuminate\Http\Request))
#16 /var/www/bootstrap-cms/vendor/compiled.php(1935): Illuminate\Routing\Router->dispatch(Object(Illuminate\Http\Request))
#17 [internal function]: Illuminate\Foundation\Http\Kernel->Illuminate\Foundation\Http\{closure}(Object(Illuminate\Http\Request))
#18 /var/www/bootstrap-cms/vendor/compiled.php(8952): call_user_func(Object(Closure), Object(Illuminate\Http\Request))
#19 /var/www/bootstrap-cms/vendor/compiled.php(12083): Illuminate\Pipeline\Pipeline->Illuminate\Pipeline\{closure}(Object(Illuminate\Http\Request))
#20 /var/www/bootstrap-cms/vendor/compiled.php(8944): Illuminate\View\Middleware\ShareErrorsFromSession->handle(Object(Illuminate\Http\Request), Object(Closure))
#21 /var/www/bootstrap-cms/vendor/compiled.php(10785): Illuminate\Pipeline\Pipeline->Illuminate\Pipeline\{closure}(Object(Illuminate\Http\Request))
#22 /var/www/bootstrap-cms/vendor/compiled.php(8944): Illuminate\Session\Middleware\StartSession->handle(Object(Illuminate\Http\Request), Object(Closure))
#23 /var/www/bootstrap-cms/vendor/compiled.php(11789): Illuminate\Pipeline\Pipeline->Illuminate\Pipeline\{closure}(Object(Illuminate\Http\Request))
#24 /var/www/bootstrap-cms/vendor/compiled.php(8944): Illuminate\Cookie\Middleware\AddQueuedCookiesToResponse->handle(Object(Illuminate\Http\Request), Object(Closure))
#25 /var/www/bootstrap-cms/vendor/compiled.php(11738): Illuminate\Pipeline\Pipeline->Illuminate\Pipeline\{closure}(Object(Illuminate\Http\Request))
#26 /var/www/bootstrap-cms/vendor/compiled.php(8944): Illuminate\Cookie\Middleware\EncryptCookies->handle(Object(Illuminate\Http\Request), Object(Closure))
#27 /var/www/bootstrap-cms/app/Http/Middleware/CheckForMaintenanceMode.php(69): Illuminate\Pipeline\Pipeline->Illuminate\Pipeline\{closure}(Object(Illuminate\Http\Request))
#28 /var/www/bootstrap-cms/vendor/compiled.php(8944): GrahamCampbell\BootstrapCMS\Http\Middleware\CheckForMaintenanceMode->handle(Object(Illuminate\Http\Request), Object(Closure))
#29 /var/www/bootstrap-cms/vendor/fideloper/proxy/src/TrustProxies.php(47): Illuminate\Pipeline\Pipeline->Illuminate\Pipeline\{closure}(Object(Illuminate\Http\Request))
#30 /var/www/bootstrap-cms/vendor/compiled.php(8944): Fideloper\Proxy\TrustProxies->handle(Object(Illuminate\Http\Request), Object(Closure))
#31 [internal function]: Illuminate\Pipeline\Pipeline->Illuminate\Pipeline\{closure}(Object(Illuminate\Http\Request))
#32 /var/www/bootstrap-cms/vendor/compiled.php(8935): call_user_func(Object(Closure), Object(Illuminate\Http\Request))
#33 /var/www/bootstrap-cms/vendor/compiled.php(1891): Illuminate\Pipeline\Pipeline->then(Object(Closure))
#34 /var/www/bootstrap-cms/vendor/compiled.php(1880): Illuminate\Foundation\Http\Kernel->sendRequestThroughRouter(Object(Illuminate\Http\Request))
#35 /var/www/bootstrap-cms/public/index.php(53): Illuminate\Foundation\Http\Kernel->handle(Object(Illuminate\Http\Request))
#36 {main}  
